<?xml version="1.0" encoding="UTF-8"?>
<!-- Generated by org.testng.reporters.JUnitReportReporter -->
<testsuite hostname="Nilmie" failures="0" tests="6" name="Test.GetEmployees" time="1.989" errors="0" timestamp="24 Dec 2020 13:14:00 GMT">
  <testcase classname="Test.GetEmployees" name="PostEmployee" time="0.104"/>
  <testcase classname="Test.GetEmployees" name="GetEmployee2" time="0.024"/>
  <testcase classname="Test.GetEmployees" name="PutEmployee" time="0.041"/>
  <testcase classname="Test.GetEmployees" name="DeleteEmployee" time="1.727"/>
  <testcase classname="Test.GetEmployees" name="GetEmployee3" time="0.035"/>
  <testcase classname="Test.GetEmployees" name="GetEmployee" time="0.058"/>
</testsuite> <!-- Test.GetEmployees -->
