<?xml version="1.0" encoding="UTF-8"?>
<!-- Generated by org.testng.reporters.JUnitReportReporter -->
<testsuite hostname="Nilmie" failures="0" tests="4" name="Runner.TestRunner" time="2.839" errors="0" timestamp="24 Dec 2020 13:16:35 GMT">
  <testcase classname="Runner.TestRunner" name="feature" time="2.661"/>
  <testcase classname="Runner.TestRunner" name="feature" time="0.074"/>
  <testcase classname="Runner.TestRunner" name="feature" time="0.041"/>
  <testcase classname="Runner.TestRunner" name="feature" time="0.063"/>
</testsuite> <!-- Runner.TestRunner -->
